27-Nov-2025 17:13:18.643 INFO [main] org.apache.catalina.core.ApplicationContext.log ContextListener: contextInitialized()
27-Nov-2025 17:13:18.643 INFO [main] org.apache.catalina.core.ApplicationContext.log SessionListener: contextInitialized()
27-Nov-2025 17:13:18.647 INFO [main] org.apache.catalina.core.ApplicationContext.log ContextListener: attributeAdded('StockTicker', 'async.Stockticker@482d776b')
27-Nov-2025 17:13:23.694 SEVERE [main] org.apache.catalina.core.ApplicationContext.log Servlet.init() for servlet [config.SwaggerConfig] threw exception
MultiException stack 1 of 1
	java.lang.NoClassDefFoundError: com/fasterxml/jackson/annotation/JsonMerge
		at com.fasterxml.jackson.databind.introspect.JacksonAnnotationIntrospector.<clinit>(JacksonAnnotationIntrospector.java:50)
		at com.fasterxml.jackson.databind.ObjectMapper.<clinit>(ObjectMapper.java:291)
		at io.swagger.util.ObjectMapperFactory.create(ObjectMapperFactory.java:32)
		at io.swagger.util.ObjectMapperFactory.createJson(ObjectMapperFactory.java:20)
		at io.swagger.util.ObjectMapperFactory.createJson(ObjectMapperFactory.java:16)
		at io.swagger.util.Json.mapper(Json.java:13)
		at io.swagger.jaxrs.DefaultParameterExtension.<init>(DefaultParameterExtension.java:50)
		at io.swagger.jaxrs.ext.SwaggerExtensions.<clinit>(SwaggerExtensions.java:36)
		at io.swagger.jaxrs.utils.ReaderUtils.collectParameters(ReaderUtils.java:123)
		at io.swagger.jaxrs.utils.ReaderUtils.collectFieldParameters(ReaderUtils.java:96)
		at io.swagger.jaxrs.Reader.read(Reader.java:292)
		at io.swagger.jaxrs.Reader.read(Reader.java:176)
		at io.swagger.jaxrs.config.BeanConfig.scanAndRead(BeanConfig.java:242)
		at io.swagger.jaxrs.config.BeanConfig.setScan(BeanConfig.java:221)
		at config.SwaggerConfig.<init>(SwaggerConfig.java:21)
		at java.base/jdk.internal.reflect.NativeConstructorAccessorImpl.newInstance0(Native Method)
		at java.base/jdk.internal.reflect.NativeConstructorAccessorImpl.newInstance(NativeConstructorAccessorImpl.java:77)
		at java.base/jdk.internal.reflect.DelegatingConstructorAccessorImpl.newInstance(DelegatingConstructorAccessorImpl.java:45)
		at java.base/java.lang.reflect.Constructor.newInstanceWithCaller(Constructor.java:499)
		at java.base/java.lang.reflect.Constructor.newInstance(Constructor.java:480)
		at org.glassfish.hk2.utilities.reflection.ReflectionHelper.makeMe(ReflectionHelper.java:1375)
		at org.jvnet.hk2.internal.Utilities.justCreate(Utilities.java:1083)
		at org.jvnet.hk2.internal.ServiceLocatorImpl.create(ServiceLocatorImpl.java:978)
		at org.jvnet.hk2.internal.ServiceLocatorImpl.createAndInitialize(ServiceLocatorImpl.java:1082)
		at org.jvnet.hk2.internal.ServiceLocatorImpl.createAndInitialize(ServiceLocatorImpl.java:1074)
		at org.glassfish.jersey.inject.hk2.AbstractHk2InjectionManager.createAndInitialize(AbstractHk2InjectionManager.java:213)
		at org.glassfish.jersey.inject.hk2.ImmediateHk2InjectionManager.createAndInitialize(ImmediateHk2InjectionManager.java:54)
		at org.glassfish.jersey.server.ApplicationConfigurator.createApplication(ApplicationConfigurator.java:138)
		at org.glassfish.jersey.server.ApplicationConfigurator.init(ApplicationConfigurator.java:96)
		at org.glassfish.jersey.server.ApplicationHandler.lambda$initialize$0(ApplicationHandler.java:313)
		at java.base/java.util.Arrays$ArrayList.forEach(Arrays.java:4204)
		at org.glassfish.jersey.server.ApplicationHandler.initialize(ApplicationHandler.java:313)
		at org.glassfish.jersey.server.ApplicationHandler.<init>(ApplicationHandler.java:282)
		at org.glassfish.jersey.servlet.WebComponent.<init>(WebComponent.java:335)
		at org.glassfish.jersey.servlet.ServletContainer.init(ServletContainer.java:178)
		at org.glassfish.jersey.servlet.ServletContainer.init(ServletContainer.java:370)
		at javax.servlet.GenericServlet.init(GenericServlet.java:143)
		at org.apache.catalina.core.StandardWrapper.initServlet(StandardWrapper.java:984)
		at org.apache.catalina.core.StandardWrapper.load(StandardWrapper.java:841)
		at org.apache.catalina.core.StandardContext.loadOnStartup(StandardContext.java:4180)
		at org.apache.catalina.core.StandardContext.startInternal(StandardContext.java:4480)
		at org.apache.catalina.util.LifecycleBase.start(LifecycleBase.java:164)
		at org.apache.catalina.core.ContainerBase.addChildInternal(ContainerBase.java:599)
		at org.apache.catalina.core.ContainerBase.addChild(ContainerBase.java:571)
		at org.apache.catalina.core.StandardHost.addChild(StandardHost.java:603)
		at org.apache.catalina.startup.HostConfig.deployDirectory(HostConfig.java:1175)
		at org.apache.catalina.startup.HostConfig$DeployDirectory.run(HostConfig.java:1888)
		at java.base/java.util.concurrent.Executors$RunnableAdapter.call(Executors.java:539)
		at java.base/java.util.concurrent.FutureTask.run(FutureTask.java:264)
		at org.apache.tomcat.util.threads.InlineExecutorService.execute(InlineExecutorService.java:75)
		at java.base/java.util.concurrent.AbstractExecutorService.submit(AbstractExecutorService.java:123)
		at org.apache.catalina.startup.HostConfig.deployDirectories(HostConfig.java:1086)
		at org.apache.catalina.startup.HostConfig.deployApps(HostConfig.java:470)
		at org.apache.catalina.startup.HostConfig.start(HostConfig.java:1584)
		at org.apache.catalina.startup.HostConfig.lifecycleEvent(HostConfig.java:312)
		at org.apache.catalina.util.LifecycleBase.fireLifecycleEvent(LifecycleBase.java:109)
		at org.apache.catalina.util.LifecycleBase.setStateInternal(LifecycleBase.java:385)
		at org.apache.catalina.util.LifecycleBase.setState(LifecycleBase.java:332)
		at org.apache.catalina.core.ContainerBase.startInternal(ContainerBase.java:776)
		at org.apache.catalina.core.StandardHost.startInternal(StandardHost.java:721)
		at org.apache.catalina.util.LifecycleBase.start(LifecycleBase.java:164)
		at org.apache.catalina.core.ContainerBase$StartChild.call(ContainerBase.java:1203)
		at org.apache.catalina.core.ContainerBase$StartChild.call(ContainerBase.java:1193)
		at java.base/java.util.concurrent.FutureTask.run(FutureTask.java:264)
		at org.apache.tomcat.util.threads.InlineExecutorService.execute(InlineExecutorService.java:75)
		at java.base/java.util.concurrent.AbstractExecutorService.submit(AbstractExecutorService.java:145)
		at org.apache.catalina.core.ContainerBase.startInternal(ContainerBase.java:749)
		at org.apache.catalina.core.StandardEngine.startInternal(StandardEngine.java:211)
		at org.apache.catalina.util.LifecycleBase.start(LifecycleBase.java:164)
		at org.apache.catalina.core.StandardService.startInternal(StandardService.java:415)
		at org.apache.catalina.util.LifecycleBase.start(LifecycleBase.java:164)
		at org.apache.catalina.core.StandardServer.startInternal(StandardServer.java:874)
		at org.apache.catalina.util.LifecycleBase.start(LifecycleBase.java:164)
		at org.apache.catalina.startup.Catalina.start(Catalina.java:735)
		at java.base/jdk.internal.reflect.NativeMethodAccessorImpl.invoke0(Native Method)
		at java.base/jdk.internal.reflect.NativeMethodAccessorImpl.invoke(NativeMethodAccessorImpl.java:77)
		at java.base/jdk.internal.reflect.DelegatingMethodAccessorImpl.invoke(DelegatingMethodAccessorImpl.java:43)
		at java.base/java.lang.reflect.Method.invoke(Method.java:568)
		at org.apache.catalina.startup.Bootstrap.start(Bootstrap.java:345)
		at org.apache.catalina.startup.Bootstrap.main(Bootstrap.java:473)
	Caused by: java.lang.ClassNotFoundException: com.fasterxml.jackson.annotation.JsonMerge
		at org.apache.catalina.loader.WebappClassLoaderBase.loadClass(WebappClassLoaderBase.java:1308)
		at org.apache.catalina.loader.WebappClassLoaderBase.loadClass(WebappClassLoaderBase.java:1120)
		... 80 more
27-Nov-2025 17:13:23.694 SEVERE [main] org.apache.catalina.core.StandardContext.loadOnStartup Servlet [config.SwaggerConfig] in web application [/LogementRendezVous_Etudiant_war] threw load() exception
	java.lang.ClassNotFoundException: com.fasterxml.jackson.annotation.JsonMerge
		at org.apache.catalina.loader.WebappClassLoaderBase.loadClass(WebappClassLoaderBase.java:1308)
		at org.apache.catalina.loader.WebappClassLoaderBase.loadClass(WebappClassLoaderBase.java:1120)
		at com.fasterxml.jackson.databind.introspect.JacksonAnnotationIntrospector.<clinit>(JacksonAnnotationIntrospector.java:50)
		at com.fasterxml.jackson.databind.ObjectMapper.<clinit>(ObjectMapper.java:291)
		at io.swagger.util.ObjectMapperFactory.create(ObjectMapperFactory.java:32)
		at io.swagger.util.ObjectMapperFactory.createJson(ObjectMapperFactory.java:20)
		at io.swagger.util.ObjectMapperFactory.createJson(ObjectMapperFactory.java:16)
		at io.swagger.util.Json.mapper(Json.java:13)
		at io.swagger.jaxrs.DefaultParameterExtension.<init>(DefaultParameterExtension.java:50)
		at io.swagger.jaxrs.ext.SwaggerExtensions.<clinit>(SwaggerExtensions.java:36)
		at io.swagger.jaxrs.utils.ReaderUtils.collectParameters(ReaderUtils.java:123)
		at io.swagger.jaxrs.utils.ReaderUtils.collectFieldParameters(ReaderUtils.java:96)
		at io.swagger.jaxrs.Reader.read(Reader.java:292)
		at io.swagger.jaxrs.Reader.read(Reader.java:176)
		at io.swagger.jaxrs.config.BeanConfig.scanAndRead(BeanConfig.java:242)
		at io.swagger.jaxrs.config.BeanConfig.setScan(BeanConfig.java:221)
		at config.SwaggerConfig.<init>(SwaggerConfig.java:21)
		at java.base/jdk.internal.reflect.NativeConstructorAccessorImpl.newInstance0(Native Method)
		at java.base/jdk.internal.reflect.NativeConstructorAccessorImpl.newInstance(NativeConstructorAccessorImpl.java:77)
		at java.base/jdk.internal.reflect.DelegatingConstructorAccessorImpl.newInstance(DelegatingConstructorAccessorImpl.java:45)
		at java.base/java.lang.reflect.Constructor.newInstanceWithCaller(Constructor.java:499)
		at java.base/java.lang.reflect.Constructor.newInstance(Constructor.java:480)
		at org.glassfish.hk2.utilities.reflection.ReflectionHelper.makeMe(ReflectionHelper.java:1375)
		at org.jvnet.hk2.internal.Utilities.justCreate(Utilities.java:1083)
		at org.jvnet.hk2.internal.ServiceLocatorImpl.create(ServiceLocatorImpl.java:978)
		at org.jvnet.hk2.internal.ServiceLocatorImpl.createAndInitialize(ServiceLocatorImpl.java:1082)
		at org.jvnet.hk2.internal.ServiceLocatorImpl.createAndInitialize(ServiceLocatorImpl.java:1074)
		at org.glassfish.jersey.inject.hk2.AbstractHk2InjectionManager.createAndInitialize(AbstractHk2InjectionManager.java:213)
		at org.glassfish.jersey.inject.hk2.ImmediateHk2InjectionManager.createAndInitialize(ImmediateHk2InjectionManager.java:54)
		at org.glassfish.jersey.server.ApplicationConfigurator.createApplication(ApplicationConfigurator.java:138)
		at org.glassfish.jersey.server.ApplicationConfigurator.init(ApplicationConfigurator.java:96)
		at org.glassfish.jersey.server.ApplicationHandler.lambda$initialize$0(ApplicationHandler.java:313)
		at java.base/java.util.Arrays$ArrayList.forEach(Arrays.java:4204)
		at org.glassfish.jersey.server.ApplicationHandler.initialize(ApplicationHandler.java:313)
		at org.glassfish.jersey.server.ApplicationHandler.<init>(ApplicationHandler.java:282)
		at org.glassfish.jersey.servlet.WebComponent.<init>(WebComponent.java:335)
		at org.glassfish.jersey.servlet.ServletContainer.init(ServletContainer.java:178)
		at org.glassfish.jersey.servlet.ServletContainer.init(ServletContainer.java:370)
		at javax.servlet.GenericServlet.init(GenericServlet.java:143)
		at org.apache.catalina.core.StandardWrapper.initServlet(StandardWrapper.java:984)
		at org.apache.catalina.core.StandardWrapper.load(StandardWrapper.java:841)
		at org.apache.catalina.core.StandardContext.loadOnStartup(StandardContext.java:4180)
		at org.apache.catalina.core.StandardContext.startInternal(StandardContext.java:4480)
		at org.apache.catalina.util.LifecycleBase.start(LifecycleBase.java:164)
		at org.apache.catalina.core.ContainerBase.addChildInternal(ContainerBase.java:599)
		at org.apache.catalina.core.ContainerBase.addChild(ContainerBase.java:571)
		at org.apache.catalina.core.StandardHost.addChild(StandardHost.java:603)
		at org.apache.catalina.startup.HostConfig.deployDirectory(HostConfig.java:1175)
		at org.apache.catalina.startup.HostConfig$DeployDirectory.run(HostConfig.java:1888)
		at java.base/java.util.concurrent.Executors$RunnableAdapter.call(Executors.java:539)
		at java.base/java.util.concurrent.FutureTask.run(FutureTask.java:264)
		at org.apache.tomcat.util.threads.InlineExecutorService.execute(InlineExecutorService.java:75)
		at java.base/java.util.concurrent.AbstractExecutorService.submit(AbstractExecutorService.java:123)
		at org.apache.catalina.startup.HostConfig.deployDirectories(HostConfig.java:1086)
		at org.apache.catalina.startup.HostConfig.deployApps(HostConfig.java:470)
		at org.apache.catalina.startup.HostConfig.start(HostConfig.java:1584)
		at org.apache.catalina.startup.HostConfig.lifecycleEvent(HostConfig.java:312)
		at org.apache.catalina.util.LifecycleBase.fireLifecycleEvent(LifecycleBase.java:109)
		at org.apache.catalina.util.LifecycleBase.setStateInternal(LifecycleBase.java:385)
		at org.apache.catalina.util.LifecycleBase.setState(LifecycleBase.java:332)
		at org.apache.catalina.core.ContainerBase.startInternal(ContainerBase.java:776)
		at org.apache.catalina.core.StandardHost.startInternal(StandardHost.java:721)
		at org.apache.catalina.util.LifecycleBase.start(LifecycleBase.java:164)
		at org.apache.catalina.core.ContainerBase$StartChild.call(ContainerBase.java:1203)
		at org.apache.catalina.core.ContainerBase$StartChild.call(ContainerBase.java:1193)
		at java.base/java.util.concurrent.FutureTask.run(FutureTask.java:264)
		at org.apache.tomcat.util.threads.InlineExecutorService.execute(InlineExecutorService.java:75)
		at java.base/java.util.concurrent.AbstractExecutorService.submit(AbstractExecutorService.java:145)
		at org.apache.catalina.core.ContainerBase.startInternal(ContainerBase.java:749)
		at org.apache.catalina.core.StandardEngine.startInternal(StandardEngine.java:211)
		at org.apache.catalina.util.LifecycleBase.start(LifecycleBase.java:164)
		at org.apache.catalina.core.StandardService.startInternal(StandardService.java:415)
		at org.apache.catalina.util.LifecycleBase.start(LifecycleBase.java:164)
		at org.apache.catalina.core.StandardServer.startInternal(StandardServer.java:874)
		at org.apache.catalina.util.LifecycleBase.start(LifecycleBase.java:164)
		at org.apache.catalina.startup.Catalina.start(Catalina.java:735)
		at java.base/jdk.internal.reflect.NativeMethodAccessorImpl.invoke0(Native Method)
		at java.base/jdk.internal.reflect.NativeMethodAccessorImpl.invoke(NativeMethodAccessorImpl.java:77)
		at java.base/jdk.internal.reflect.DelegatingMethodAccessorImpl.invoke(DelegatingMethodAccessorImpl.java:43)
		at java.base/java.lang.reflect.Method.invoke(Method.java:568)
		at org.apache.catalina.startup.Bootstrap.start(Bootstrap.java:345)
		at org.apache.catalina.startup.Bootstrap.main(Bootstrap.java:473)
27-Nov-2025 17:17:46.426 INFO [main] org.apache.catalina.core.ApplicationContext.log ContextListener: contextInitialized()
27-Nov-2025 17:17:46.426 INFO [main] org.apache.catalina.core.ApplicationContext.log SessionListener: contextInitialized()
27-Nov-2025 17:17:46.430 INFO [main] org.apache.catalina.core.ApplicationContext.log ContextListener: attributeAdded('StockTicker', 'async.Stockticker@2eb6d34a')
27-Nov-2025 17:17:49.162 SEVERE [main] org.apache.catalina.core.ApplicationContext.log Servlet.init() for servlet [config.SwaggerConfig] threw exception
MultiException stack 1 of 1
	java.lang.NoClassDefFoundError: com/fasterxml/jackson/annotation/JsonMerge
		at com.fasterxml.jackson.databind.introspect.JacksonAnnotationIntrospector.<clinit>(JacksonAnnotationIntrospector.java:50)
		at com.fasterxml.jackson.databind.ObjectMapper.<clinit>(ObjectMapper.java:291)
		at io.swagger.util.ObjectMapperFactory.create(ObjectMapperFactory.java:32)
		at io.swagger.util.ObjectMapperFactory.createJson(ObjectMapperFactory.java:20)
		at io.swagger.util.ObjectMapperFactory.createJson(ObjectMapperFactory.java:16)
		at io.swagger.util.Json.mapper(Json.java:13)
		at io.swagger.jaxrs.DefaultParameterExtension.<init>(DefaultParameterExtension.java:50)
		at io.swagger.jaxrs.ext.SwaggerExtensions.<clinit>(SwaggerExtensions.java:36)
		at io.swagger.jaxrs.utils.ReaderUtils.collectParameters(ReaderUtils.java:123)
		at io.swagger.jaxrs.utils.ReaderUtils.collectFieldParameters(ReaderUtils.java:96)
		at io.swagger.jaxrs.Reader.read(Reader.java:292)
		at io.swagger.jaxrs.Reader.read(Reader.java:176)
		at io.swagger.jaxrs.config.BeanConfig.scanAndRead(BeanConfig.java:242)
		at io.swagger.jaxrs.config.BeanConfig.setScan(BeanConfig.java:221)
		at config.SwaggerConfig.<init>(SwaggerConfig.java:21)
		at java.base/jdk.internal.reflect.NativeConstructorAccessorImpl.newInstance0(Native Method)
		at java.base/jdk.internal.reflect.NativeConstructorAccessorImpl.newInstance(NativeConstructorAccessorImpl.java:77)
		at java.base/jdk.internal.reflect.DelegatingConstructorAccessorImpl.newInstance(DelegatingConstructorAccessorImpl.java:45)
		at java.base/java.lang.reflect.Constructor.newInstanceWithCaller(Constructor.java:499)
		at java.base/java.lang.reflect.Constructor.newInstance(Constructor.java:480)
		at org.glassfish.hk2.utilities.reflection.ReflectionHelper.makeMe(ReflectionHelper.java:1375)
		at org.jvnet.hk2.internal.Utilities.justCreate(Utilities.java:1083)
		at org.jvnet.hk2.internal.ServiceLocatorImpl.create(ServiceLocatorImpl.java:978)
		at org.jvnet.hk2.internal.ServiceLocatorImpl.createAndInitialize(ServiceLocatorImpl.java:1082)
		at org.jvnet.hk2.internal.ServiceLocatorImpl.createAndInitialize(ServiceLocatorImpl.java:1074)
		at org.glassfish.jersey.inject.hk2.AbstractHk2InjectionManager.createAndInitialize(AbstractHk2InjectionManager.java:213)
		at org.glassfish.jersey.inject.hk2.ImmediateHk2InjectionManager.createAndInitialize(ImmediateHk2InjectionManager.java:54)
		at org.glassfish.jersey.server.ApplicationConfigurator.createApplication(ApplicationConfigurator.java:138)
		at org.glassfish.jersey.server.ApplicationConfigurator.init(ApplicationConfigurator.java:96)
		at org.glassfish.jersey.server.ApplicationHandler.lambda$initialize$0(ApplicationHandler.java:313)
		at java.base/java.util.Arrays$ArrayList.forEach(Arrays.java:4204)
		at org.glassfish.jersey.server.ApplicationHandler.initialize(ApplicationHandler.java:313)
		at org.glassfish.jersey.server.ApplicationHandler.<init>(ApplicationHandler.java:282)
		at org.glassfish.jersey.servlet.WebComponent.<init>(WebComponent.java:335)
		at org.glassfish.jersey.servlet.ServletContainer.init(ServletContainer.java:178)
		at org.glassfish.jersey.servlet.ServletContainer.init(ServletContainer.java:370)
		at javax.servlet.GenericServlet.init(GenericServlet.java:143)
		at org.apache.catalina.core.StandardWrapper.initServlet(StandardWrapper.java:984)
		at org.apache.catalina.core.StandardWrapper.load(StandardWrapper.java:841)
		at org.apache.catalina.core.StandardContext.loadOnStartup(StandardContext.java:4180)
		at org.apache.catalina.core.StandardContext.startInternal(StandardContext.java:4480)
		at org.apache.catalina.util.LifecycleBase.start(LifecycleBase.java:164)
		at org.apache.catalina.core.ContainerBase.addChildInternal(ContainerBase.java:599)
		at org.apache.catalina.core.ContainerBase.addChild(ContainerBase.java:571)
		at org.apache.catalina.core.StandardHost.addChild(StandardHost.java:603)
		at org.apache.catalina.startup.HostConfig.deployDirectory(HostConfig.java:1175)
		at org.apache.catalina.startup.HostConfig$DeployDirectory.run(HostConfig.java:1888)
		at java.base/java.util.concurrent.Executors$RunnableAdapter.call(Executors.java:539)
		at java.base/java.util.concurrent.FutureTask.run(FutureTask.java:264)
		at org.apache.tomcat.util.threads.InlineExecutorService.execute(InlineExecutorService.java:75)
		at java.base/java.util.concurrent.AbstractExecutorService.submit(AbstractExecutorService.java:123)
		at org.apache.catalina.startup.HostConfig.deployDirectories(HostConfig.java:1086)
		at org.apache.catalina.startup.HostConfig.deployApps(HostConfig.java:470)
		at org.apache.catalina.startup.HostConfig.start(HostConfig.java:1584)
		at org.apache.catalina.startup.HostConfig.lifecycleEvent(HostConfig.java:312)
		at org.apache.catalina.util.LifecycleBase.fireLifecycleEvent(LifecycleBase.java:109)
		at org.apache.catalina.util.LifecycleBase.setStateInternal(LifecycleBase.java:385)
		at org.apache.catalina.util.LifecycleBase.setState(LifecycleBase.java:332)
		at org.apache.catalina.core.ContainerBase.startInternal(ContainerBase.java:776)
		at org.apache.catalina.core.StandardHost.startInternal(StandardHost.java:721)
		at org.apache.catalina.util.LifecycleBase.start(LifecycleBase.java:164)
		at org.apache.catalina.core.ContainerBase$StartChild.call(ContainerBase.java:1203)
		at org.apache.catalina.core.ContainerBase$StartChild.call(ContainerBase.java:1193)
		at java.base/java.util.concurrent.FutureTask.run(FutureTask.java:264)
		at org.apache.tomcat.util.threads.InlineExecutorService.execute(InlineExecutorService.java:75)
		at java.base/java.util.concurrent.AbstractExecutorService.submit(AbstractExecutorService.java:145)
		at org.apache.catalina.core.ContainerBase.startInternal(ContainerBase.java:749)
		at org.apache.catalina.core.StandardEngine.startInternal(StandardEngine.java:211)
		at org.apache.catalina.util.LifecycleBase.start(LifecycleBase.java:164)
		at org.apache.catalina.core.StandardService.startInternal(StandardService.java:415)
		at org.apache.catalina.util.LifecycleBase.start(LifecycleBase.java:164)
		at org.apache.catalina.core.StandardServer.startInternal(StandardServer.java:874)
		at org.apache.catalina.util.LifecycleBase.start(LifecycleBase.java:164)
		at org.apache.catalina.startup.Catalina.start(Catalina.java:735)
		at java.base/jdk.internal.reflect.NativeMethodAccessorImpl.invoke0(Native Method)
		at java.base/jdk.internal.reflect.NativeMethodAccessorImpl.invoke(NativeMethodAccessorImpl.java:77)
		at java.base/jdk.internal.reflect.DelegatingMethodAccessorImpl.invoke(DelegatingMethodAccessorImpl.java:43)
		at java.base/java.lang.reflect.Method.invoke(Method.java:568)
		at org.apache.catalina.startup.Bootstrap.start(Bootstrap.java:345)
		at org.apache.catalina.startup.Bootstrap.main(Bootstrap.java:473)
	Caused by: java.lang.ClassNotFoundException: com.fasterxml.jackson.annotation.JsonMerge
		at org.apache.catalina.loader.WebappClassLoaderBase.loadClass(WebappClassLoaderBase.java:1308)
		at org.apache.catalina.loader.WebappClassLoaderBase.loadClass(WebappClassLoaderBase.java:1120)
		... 80 more
27-Nov-2025 17:17:49.162 SEVERE [main] org.apache.catalina.core.StandardContext.loadOnStartup Servlet [config.SwaggerConfig] in web application [/LogementRendezVous_Etudiant_war] threw load() exception
	java.lang.ClassNotFoundException: com.fasterxml.jackson.annotation.JsonMerge
		at org.apache.catalina.loader.WebappClassLoaderBase.loadClass(WebappClassLoaderBase.java:1308)
		at org.apache.catalina.loader.WebappClassLoaderBase.loadClass(WebappClassLoaderBase.java:1120)
		at com.fasterxml.jackson.databind.introspect.JacksonAnnotationIntrospector.<clinit>(JacksonAnnotationIntrospector.java:50)
		at com.fasterxml.jackson.databind.ObjectMapper.<clinit>(ObjectMapper.java:291)
		at io.swagger.util.ObjectMapperFactory.create(ObjectMapperFactory.java:32)
		at io.swagger.util.ObjectMapperFactory.createJson(ObjectMapperFactory.java:20)
		at io.swagger.util.ObjectMapperFactory.createJson(ObjectMapperFactory.java:16)
		at io.swagger.util.Json.mapper(Json.java:13)
		at io.swagger.jaxrs.DefaultParameterExtension.<init>(DefaultParameterExtension.java:50)
		at io.swagger.jaxrs.ext.SwaggerExtensions.<clinit>(SwaggerExtensions.java:36)
		at io.swagger.jaxrs.utils.ReaderUtils.collectParameters(ReaderUtils.java:123)
		at io.swagger.jaxrs.utils.ReaderUtils.collectFieldParameters(ReaderUtils.java:96)
		at io.swagger.jaxrs.Reader.read(Reader.java:292)
		at io.swagger.jaxrs.Reader.read(Reader.java:176)
		at io.swagger.jaxrs.config.BeanConfig.scanAndRead(BeanConfig.java:242)
		at io.swagger.jaxrs.config.BeanConfig.setScan(BeanConfig.java:221)
		at config.SwaggerConfig.<init>(SwaggerConfig.java:21)
		at java.base/jdk.internal.reflect.NativeConstructorAccessorImpl.newInstance0(Native Method)
		at java.base/jdk.internal.reflect.NativeConstructorAccessorImpl.newInstance(NativeConstructorAccessorImpl.java:77)
		at java.base/jdk.internal.reflect.DelegatingConstructorAccessorImpl.newInstance(DelegatingConstructorAccessorImpl.java:45)
		at java.base/java.lang.reflect.Constructor.newInstanceWithCaller(Constructor.java:499)
		at java.base/java.lang.reflect.Constructor.newInstance(Constructor.java:480)
		at org.glassfish.hk2.utilities.reflection.ReflectionHelper.makeMe(ReflectionHelper.java:1375)
		at org.jvnet.hk2.internal.Utilities.justCreate(Utilities.java:1083)
		at org.jvnet.hk2.internal.ServiceLocatorImpl.create(ServiceLocatorImpl.java:978)
		at org.jvnet.hk2.internal.ServiceLocatorImpl.createAndInitialize(ServiceLocatorImpl.java:1082)
		at org.jvnet.hk2.internal.ServiceLocatorImpl.createAndInitialize(ServiceLocatorImpl.java:1074)
		at org.glassfish.jersey.inject.hk2.AbstractHk2InjectionManager.createAndInitialize(AbstractHk2InjectionManager.java:213)
		at org.glassfish.jersey.inject.hk2.ImmediateHk2InjectionManager.createAndInitialize(ImmediateHk2InjectionManager.java:54)
		at org.glassfish.jersey.server.ApplicationConfigurator.createApplication(ApplicationConfigurator.java:138)
		at org.glassfish.jersey.server.ApplicationConfigurator.init(ApplicationConfigurator.java:96)
		at org.glassfish.jersey.server.ApplicationHandler.lambda$initialize$0(ApplicationHandler.java:313)
		at java.base/java.util.Arrays$ArrayList.forEach(Arrays.java:4204)
		at org.glassfish.jersey.server.ApplicationHandler.initialize(ApplicationHandler.java:313)
		at org.glassfish.jersey.server.ApplicationHandler.<init>(ApplicationHandler.java:282)
		at org.glassfish.jersey.servlet.WebComponent.<init>(WebComponent.java:335)
		at org.glassfish.jersey.servlet.ServletContainer.init(ServletContainer.java:178)
		at org.glassfish.jersey.servlet.ServletContainer.init(ServletContainer.java:370)
		at javax.servlet.GenericServlet.init(GenericServlet.java:143)
		at org.apache.catalina.core.StandardWrapper.initServlet(StandardWrapper.java:984)
		at org.apache.catalina.core.StandardWrapper.load(StandardWrapper.java:841)
		at org.apache.catalina.core.StandardContext.loadOnStartup(StandardContext.java:4180)
		at org.apache.catalina.core.StandardContext.startInternal(StandardContext.java:4480)
		at org.apache.catalina.util.LifecycleBase.start(LifecycleBase.java:164)
		at org.apache.catalina.core.ContainerBase.addChildInternal(ContainerBase.java:599)
		at org.apache.catalina.core.ContainerBase.addChild(ContainerBase.java:571)
		at org.apache.catalina.core.StandardHost.addChild(StandardHost.java:603)
		at org.apache.catalina.startup.HostConfig.deployDirectory(HostConfig.java:1175)
		at org.apache.catalina.startup.HostConfig$DeployDirectory.run(HostConfig.java:1888)
		at java.base/java.util.concurrent.Executors$RunnableAdapter.call(Executors.java:539)
		at java.base/java.util.concurrent.FutureTask.run(FutureTask.java:264)
		at org.apache.tomcat.util.threads.InlineExecutorService.execute(InlineExecutorService.java:75)
		at java.base/java.util.concurrent.AbstractExecutorService.submit(AbstractExecutorService.java:123)
		at org.apache.catalina.startup.HostConfig.deployDirectories(HostConfig.java:1086)
		at org.apache.catalina.startup.HostConfig.deployApps(HostConfig.java:470)
		at org.apache.catalina.startup.HostConfig.start(HostConfig.java:1584)
		at org.apache.catalina.startup.HostConfig.lifecycleEvent(HostConfig.java:312)
		at org.apache.catalina.util.LifecycleBase.fireLifecycleEvent(LifecycleBase.java:109)
		at org.apache.catalina.util.LifecycleBase.setStateInternal(LifecycleBase.java:385)
		at org.apache.catalina.util.LifecycleBase.setState(LifecycleBase.java:332)
		at org.apache.catalina.core.ContainerBase.startInternal(ContainerBase.java:776)
		at org.apache.catalina.core.StandardHost.startInternal(StandardHost.java:721)
		at org.apache.catalina.util.LifecycleBase.start(LifecycleBase.java:164)
		at org.apache.catalina.core.ContainerBase$StartChild.call(ContainerBase.java:1203)
		at org.apache.catalina.core.ContainerBase$StartChild.call(ContainerBase.java:1193)
		at java.base/java.util.concurrent.FutureTask.run(FutureTask.java:264)
		at org.apache.tomcat.util.threads.InlineExecutorService.execute(InlineExecutorService.java:75)
		at java.base/java.util.concurrent.AbstractExecutorService.submit(AbstractExecutorService.java:145)
		at org.apache.catalina.core.ContainerBase.startInternal(ContainerBase.java:749)
		at org.apache.catalina.core.StandardEngine.startInternal(StandardEngine.java:211)
		at org.apache.catalina.util.LifecycleBase.start(LifecycleBase.java:164)
		at org.apache.catalina.core.StandardService.startInternal(StandardService.java:415)
		at org.apache.catalina.util.LifecycleBase.start(LifecycleBase.java:164)
		at org.apache.catalina.core.StandardServer.startInternal(StandardServer.java:874)
		at org.apache.catalina.util.LifecycleBase.start(LifecycleBase.java:164)
		at org.apache.catalina.startup.Catalina.start(Catalina.java:735)
		at java.base/jdk.internal.reflect.NativeMethodAccessorImpl.invoke0(Native Method)
		at java.base/jdk.internal.reflect.NativeMethodAccessorImpl.invoke(NativeMethodAccessorImpl.java:77)
		at java.base/jdk.internal.reflect.DelegatingMethodAccessorImpl.invoke(DelegatingMethodAccessorImpl.java:43)
		at java.base/java.lang.reflect.Method.invoke(Method.java:568)
		at org.apache.catalina.startup.Bootstrap.start(Bootstrap.java:345)
		at org.apache.catalina.startup.Bootstrap.main(Bootstrap.java:473)
27-Nov-2025 17:24:26.348 INFO [main] org.apache.catalina.core.ApplicationContext.log ContextListener: contextInitialized()
27-Nov-2025 17:24:26.348 INFO [main] org.apache.catalina.core.ApplicationContext.log SessionListener: contextInitialized()
27-Nov-2025 17:24:26.350 INFO [main] org.apache.catalina.core.ApplicationContext.log ContextListener: attributeAdded('StockTicker', 'async.Stockticker@194b9783')
27-Nov-2025 17:24:28.128 SEVERE [main] org.apache.catalina.core.ApplicationContext.log Servlet.init() for servlet [config.SwaggerConfig] threw exception
MultiException stack 1 of 1
	java.lang.NoClassDefFoundError: com/fasterxml/jackson/annotation/JsonMerge
		at com.fasterxml.jackson.databind.introspect.JacksonAnnotationIntrospector.<clinit>(JacksonAnnotationIntrospector.java:50)
		at com.fasterxml.jackson.databind.ObjectMapper.<clinit>(ObjectMapper.java:291)
		at io.swagger.util.ObjectMapperFactory.create(ObjectMapperFactory.java:32)
		at io.swagger.util.ObjectMapperFactory.createJson(ObjectMapperFactory.java:20)
		at io.swagger.util.ObjectMapperFactory.createJson(ObjectMapperFactory.java:16)
		at io.swagger.util.Json.mapper(Json.java:13)
		at io.swagger.jaxrs.DefaultParameterExtension.<init>(DefaultParameterExtension.java:50)
		at io.swagger.jaxrs.ext.SwaggerExtensions.<clinit>(SwaggerExtensions.java:36)
		at io.swagger.jaxrs.utils.ReaderUtils.collectParameters(ReaderUtils.java:123)
		at io.swagger.jaxrs.utils.ReaderUtils.collectFieldParameters(ReaderUtils.java:96)
		at io.swagger.jaxrs.Reader.read(Reader.java:292)
		at io.swagger.jaxrs.Reader.read(Reader.java:176)
		at io.swagger.jaxrs.config.BeanConfig.scanAndRead(BeanConfig.java:242)
		at io.swagger.jaxrs.config.BeanConfig.setScan(BeanConfig.java:221)
		at config.SwaggerConfig.<init>(SwaggerConfig.java:21)
		at java.base/jdk.internal.reflect.NativeConstructorAccessorImpl.newInstance0(Native Method)
		at java.base/jdk.internal.reflect.NativeConstructorAccessorImpl.newInstance(NativeConstructorAccessorImpl.java:77)
		at java.base/jdk.internal.reflect.DelegatingConstructorAccessorImpl.newInstance(DelegatingConstructorAccessorImpl.java:45)
		at java.base/java.lang.reflect.Constructor.newInstanceWithCaller(Constructor.java:499)
		at java.base/java.lang.reflect.Constructor.newInstance(Constructor.java:480)
		at org.glassfish.hk2.utilities.reflection.ReflectionHelper.makeMe(ReflectionHelper.java:1375)
		at org.jvnet.hk2.internal.Utilities.justCreate(Utilities.java:1083)
		at org.jvnet.hk2.internal.ServiceLocatorImpl.create(ServiceLocatorImpl.java:978)
		at org.jvnet.hk2.internal.ServiceLocatorImpl.createAndInitialize(ServiceLocatorImpl.java:1082)
		at org.jvnet.hk2.internal.ServiceLocatorImpl.createAndInitialize(ServiceLocatorImpl.java:1074)
		at org.glassfish.jersey.inject.hk2.AbstractHk2InjectionManager.createAndInitialize(AbstractHk2InjectionManager.java:213)
		at org.glassfish.jersey.inject.hk2.ImmediateHk2InjectionManager.createAndInitialize(ImmediateHk2InjectionManager.java:54)
		at org.glassfish.jersey.server.ApplicationConfigurator.createApplication(ApplicationConfigurator.java:138)
		at org.glassfish.jersey.server.ApplicationConfigurator.init(ApplicationConfigurator.java:96)
		at org.glassfish.jersey.server.ApplicationHandler.lambda$initialize$0(ApplicationHandler.java:313)
		at java.base/java.util.Arrays$ArrayList.forEach(Arrays.java:4204)
		at org.glassfish.jersey.server.ApplicationHandler.initialize(ApplicationHandler.java:313)
		at org.glassfish.jersey.server.ApplicationHandler.<init>(ApplicationHandler.java:282)
		at org.glassfish.jersey.servlet.WebComponent.<init>(WebComponent.java:335)
		at org.glassfish.jersey.servlet.ServletContainer.init(ServletContainer.java:178)
		at org.glassfish.jersey.servlet.ServletContainer.init(ServletContainer.java:370)
		at javax.servlet.GenericServlet.init(GenericServlet.java:143)
		at org.apache.catalina.core.StandardWrapper.initServlet(StandardWrapper.java:984)
		at org.apache.catalina.core.StandardWrapper.load(StandardWrapper.java:841)
		at org.apache.catalina.core.StandardContext.loadOnStartup(StandardContext.java:4180)
		at org.apache.catalina.core.StandardContext.startInternal(StandardContext.java:4480)
		at org.apache.catalina.util.LifecycleBase.start(LifecycleBase.java:164)
		at org.apache.catalina.core.ContainerBase.addChildInternal(ContainerBase.java:599)
		at org.apache.catalina.core.ContainerBase.addChild(ContainerBase.java:571)
		at org.apache.catalina.core.StandardHost.addChild(StandardHost.java:603)
		at org.apache.catalina.startup.HostConfig.deployDirectory(HostConfig.java:1175)
		at org.apache.catalina.startup.HostConfig$DeployDirectory.run(HostConfig.java:1888)
		at java.base/java.util.concurrent.Executors$RunnableAdapter.call(Executors.java:539)
		at java.base/java.util.concurrent.FutureTask.run(FutureTask.java:264)
		at org.apache.tomcat.util.threads.InlineExecutorService.execute(InlineExecutorService.java:75)
		at java.base/java.util.concurrent.AbstractExecutorService.submit(AbstractExecutorService.java:123)
		at org.apache.catalina.startup.HostConfig.deployDirectories(HostConfig.java:1086)
		at org.apache.catalina.startup.HostConfig.deployApps(HostConfig.java:470)
		at org.apache.catalina.startup.HostConfig.start(HostConfig.java:1584)
		at org.apache.catalina.startup.HostConfig.lifecycleEvent(HostConfig.java:312)
		at org.apache.catalina.util.LifecycleBase.fireLifecycleEvent(LifecycleBase.java:109)
		at org.apache.catalina.util.LifecycleBase.setStateInternal(LifecycleBase.java:385)
		at org.apache.catalina.util.LifecycleBase.setState(LifecycleBase.java:332)
		at org.apache.catalina.core.ContainerBase.startInternal(ContainerBase.java:776)
		at org.apache.catalina.core.StandardHost.startInternal(StandardHost.java:721)
		at org.apache.catalina.util.LifecycleBase.start(LifecycleBase.java:164)
		at org.apache.catalina.core.ContainerBase$StartChild.call(ContainerBase.java:1203)
		at org.apache.catalina.core.ContainerBase$StartChild.call(ContainerBase.java:1193)
		at java.base/java.util.concurrent.FutureTask.run(FutureTask.java:264)
		at org.apache.tomcat.util.threads.InlineExecutorService.execute(InlineExecutorService.java:75)
		at java.base/java.util.concurrent.AbstractExecutorService.submit(AbstractExecutorService.java:145)
		at org.apache.catalina.core.ContainerBase.startInternal(ContainerBase.java:749)
		at org.apache.catalina.core.StandardEngine.startInternal(StandardEngine.java:211)
		at org.apache.catalina.util.LifecycleBase.start(LifecycleBase.java:164)
		at org.apache.catalina.core.StandardService.startInternal(StandardService.java:415)
		at org.apache.catalina.util.LifecycleBase.start(LifecycleBase.java:164)
		at org.apache.catalina.core.StandardServer.startInternal(StandardServer.java:874)
		at org.apache.catalina.util.LifecycleBase.start(LifecycleBase.java:164)
		at org.apache.catalina.startup.Catalina.start(Catalina.java:735)
		at java.base/jdk.internal.reflect.NativeMethodAccessorImpl.invoke0(Native Method)
		at java.base/jdk.internal.reflect.NativeMethodAccessorImpl.invoke(NativeMethodAccessorImpl.java:77)
		at java.base/jdk.internal.reflect.DelegatingMethodAccessorImpl.invoke(DelegatingMethodAccessorImpl.java:43)
		at java.base/java.lang.reflect.Method.invoke(Method.java:568)
		at org.apache.catalina.startup.Bootstrap.start(Bootstrap.java:345)
		at org.apache.catalina.startup.Bootstrap.main(Bootstrap.java:473)
	Caused by: java.lang.ClassNotFoundException: com.fasterxml.jackson.annotation.JsonMerge
		at org.apache.catalina.loader.WebappClassLoaderBase.loadClass(WebappClassLoaderBase.java:1308)
		at org.apache.catalina.loader.WebappClassLoaderBase.loadClass(WebappClassLoaderBase.java:1120)
		... 80 more
27-Nov-2025 17:24:28.128 SEVERE [main] org.apache.catalina.core.StandardContext.loadOnStartup Servlet [config.SwaggerConfig] in web application [/LogementRendezVous_Etudiant_war] threw load() exception
	java.lang.ClassNotFoundException: com.fasterxml.jackson.annotation.JsonMerge
		at org.apache.catalina.loader.WebappClassLoaderBase.loadClass(WebappClassLoaderBase.java:1308)
		at org.apache.catalina.loader.WebappClassLoaderBase.loadClass(WebappClassLoaderBase.java:1120)
		at com.fasterxml.jackson.databind.introspect.JacksonAnnotationIntrospector.<clinit>(JacksonAnnotationIntrospector.java:50)
		at com.fasterxml.jackson.databind.ObjectMapper.<clinit>(ObjectMapper.java:291)
		at io.swagger.util.ObjectMapperFactory.create(ObjectMapperFactory.java:32)
		at io.swagger.util.ObjectMapperFactory.createJson(ObjectMapperFactory.java:20)
		at io.swagger.util.ObjectMapperFactory.createJson(ObjectMapperFactory.java:16)
		at io.swagger.util.Json.mapper(Json.java:13)
		at io.swagger.jaxrs.DefaultParameterExtension.<init>(DefaultParameterExtension.java:50)
		at io.swagger.jaxrs.ext.SwaggerExtensions.<clinit>(SwaggerExtensions.java:36)
		at io.swagger.jaxrs.utils.ReaderUtils.collectParameters(ReaderUtils.java:123)
		at io.swagger.jaxrs.utils.ReaderUtils.collectFieldParameters(ReaderUtils.java:96)
		at io.swagger.jaxrs.Reader.read(Reader.java:292)
		at io.swagger.jaxrs.Reader.read(Reader.java:176)
		at io.swagger.jaxrs.config.BeanConfig.scanAndRead(BeanConfig.java:242)
		at io.swagger.jaxrs.config.BeanConfig.setScan(BeanConfig.java:221)
		at config.SwaggerConfig.<init>(SwaggerConfig.java:21)
		at java.base/jdk.internal.reflect.NativeConstructorAccessorImpl.newInstance0(Native Method)
		at java.base/jdk.internal.reflect.NativeConstructorAccessorImpl.newInstance(NativeConstructorAccessorImpl.java:77)
		at java.base/jdk.internal.reflect.DelegatingConstructorAccessorImpl.newInstance(DelegatingConstructorAccessorImpl.java:45)
		at java.base/java.lang.reflect.Constructor.newInstanceWithCaller(Constructor.java:499)
		at java.base/java.lang.reflect.Constructor.newInstance(Constructor.java:480)
		at org.glassfish.hk2.utilities.reflection.ReflectionHelper.makeMe(ReflectionHelper.java:1375)
		at org.jvnet.hk2.internal.Utilities.justCreate(Utilities.java:1083)
		at org.jvnet.hk2.internal.ServiceLocatorImpl.create(ServiceLocatorImpl.java:978)
		at org.jvnet.hk2.internal.ServiceLocatorImpl.createAndInitialize(ServiceLocatorImpl.java:1082)
		at org.jvnet.hk2.internal.ServiceLocatorImpl.createAndInitialize(ServiceLocatorImpl.java:1074)
		at org.glassfish.jersey.inject.hk2.AbstractHk2InjectionManager.createAndInitialize(AbstractHk2InjectionManager.java:213)
		at org.glassfish.jersey.inject.hk2.ImmediateHk2InjectionManager.createAndInitialize(ImmediateHk2InjectionManager.java:54)
		at org.glassfish.jersey.server.ApplicationConfigurator.createApplication(ApplicationConfigurator.java:138)
		at org.glassfish.jersey.server.ApplicationConfigurator.init(ApplicationConfigurator.java:96)
		at org.glassfish.jersey.server.ApplicationHandler.lambda$initialize$0(ApplicationHandler.java:313)
		at java.base/java.util.Arrays$ArrayList.forEach(Arrays.java:4204)
		at org.glassfish.jersey.server.ApplicationHandler.initialize(ApplicationHandler.java:313)
		at org.glassfish.jersey.server.ApplicationHandler.<init>(ApplicationHandler.java:282)
		at org.glassfish.jersey.servlet.WebComponent.<init>(WebComponent.java:335)
		at org.glassfish.jersey.servlet.ServletContainer.init(ServletContainer.java:178)
		at org.glassfish.jersey.servlet.ServletContainer.init(ServletContainer.java:370)
		at javax.servlet.GenericServlet.init(GenericServlet.java:143)
		at org.apache.catalina.core.StandardWrapper.initServlet(StandardWrapper.java:984)
		at org.apache.catalina.core.StandardWrapper.load(StandardWrapper.java:841)
		at org.apache.catalina.core.StandardContext.loadOnStartup(StandardContext.java:4180)
		at org.apache.catalina.core.StandardContext.startInternal(StandardContext.java:4480)
		at org.apache.catalina.util.LifecycleBase.start(LifecycleBase.java:164)
		at org.apache.catalina.core.ContainerBase.addChildInternal(ContainerBase.java:599)
		at org.apache.catalina.core.ContainerBase.addChild(ContainerBase.java:571)
		at org.apache.catalina.core.StandardHost.addChild(StandardHost.java:603)
		at org.apache.catalina.startup.HostConfig.deployDirectory(HostConfig.java:1175)
		at org.apache.catalina.startup.HostConfig$DeployDirectory.run(HostConfig.java:1888)
		at java.base/java.util.concurrent.Executors$RunnableAdapter.call(Executors.java:539)
		at java.base/java.util.concurrent.FutureTask.run(FutureTask.java:264)
		at org.apache.tomcat.util.threads.InlineExecutorService.execute(InlineExecutorService.java:75)
		at java.base/java.util.concurrent.AbstractExecutorService.submit(AbstractExecutorService.java:123)
		at org.apache.catalina.startup.HostConfig.deployDirectories(HostConfig.java:1086)
		at org.apache.catalina.startup.HostConfig.deployApps(HostConfig.java:470)
		at org.apache.catalina.startup.HostConfig.start(HostConfig.java:1584)
		at org.apache.catalina.startup.HostConfig.lifecycleEvent(HostConfig.java:312)
		at org.apache.catalina.util.LifecycleBase.fireLifecycleEvent(LifecycleBase.java:109)
		at org.apache.catalina.util.LifecycleBase.setStateInternal(LifecycleBase.java:385)
		at org.apache.catalina.util.LifecycleBase.setState(LifecycleBase.java:332)
		at org.apache.catalina.core.ContainerBase.startInternal(ContainerBase.java:776)
		at org.apache.catalina.core.StandardHost.startInternal(StandardHost.java:721)
		at org.apache.catalina.util.LifecycleBase.start(LifecycleBase.java:164)
		at org.apache.catalina.core.ContainerBase$StartChild.call(ContainerBase.java:1203)
		at org.apache.catalina.core.ContainerBase$StartChild.call(ContainerBase.java:1193)
		at java.base/java.util.concurrent.FutureTask.run(FutureTask.java:264)
		at org.apache.tomcat.util.threads.InlineExecutorService.execute(InlineExecutorService.java:75)
		at java.base/java.util.concurrent.AbstractExecutorService.submit(AbstractExecutorService.java:145)
		at org.apache.catalina.core.ContainerBase.startInternal(ContainerBase.java:749)
		at org.apache.catalina.core.StandardEngine.startInternal(StandardEngine.java:211)
		at org.apache.catalina.util.LifecycleBase.start(LifecycleBase.java:164)
		at org.apache.catalina.core.StandardService.startInternal(StandardService.java:415)
		at org.apache.catalina.util.LifecycleBase.start(LifecycleBase.java:164)
		at org.apache.catalina.core.StandardServer.startInternal(StandardServer.java:874)
		at org.apache.catalina.util.LifecycleBase.start(LifecycleBase.java:164)
		at org.apache.catalina.startup.Catalina.start(Catalina.java:735)
		at java.base/jdk.internal.reflect.NativeMethodAccessorImpl.invoke0(Native Method)
		at java.base/jdk.internal.reflect.NativeMethodAccessorImpl.invoke(NativeMethodAccessorImpl.java:77)
		at java.base/jdk.internal.reflect.DelegatingMethodAccessorImpl.invoke(DelegatingMethodAccessorImpl.java:43)
		at java.base/java.lang.reflect.Method.invoke(Method.java:568)
		at org.apache.catalina.startup.Bootstrap.start(Bootstrap.java:345)
		at org.apache.catalina.startup.Bootstrap.main(Bootstrap.java:473)
